2025-02-04 15:16:34,251 - INFO - Detections for image_1.jpg: []
2025-02-04 15:16:34,961 - INFO - Detections for image_10.jpg: []
2025-02-04 15:16:35,460 - INFO - Detections for image_100.jpg: []
2025-02-04 15:16:35,798 - INFO - Detections for image_101.jpg: []
2025-02-04 15:16:37,588 - INFO - Detections for image_102.jpg: ['Class: bottle, Confidence: 0.47, Box: [501.8716125488281, 513.5582885742188, 394.70037841796875, 759.74267578125, 0.4726378321647644, 39.0]']
2025-02-04 15:16:37,928 - INFO - Detections for image_103.jpg: []
2025-02-04 15:16:38,223 - INFO - Detections for image_104.jpg: []
2025-02-04 15:16:38,548 - INFO - Detections for image_105.jpg: []
2025-02-04 15:16:38,887 - INFO - Detections for image_106.jpg: []
2025-02-04 15:16:39,190 - INFO - Detections for image_107.jpg: ['Class: bottle, Confidence: 0.50, Box: [787.3941650390625, 733.371826171875, 316.463623046875, 934.1517944335938, 0.4957005977630615, 39.0]']
2025-02-04 15:16:39,700 - INFO - Detections for image_108.jpg: []
2025-02-04 15:16:39,979 - INFO - Detections for image_109.jpg: []
2025-02-04 15:16:40,261 - INFO - Detections for image_11.jpg: []
2025-02-04 15:16:40,541 - INFO - Detections for image_110.jpg: ['Class: person, Confidence: 0.86, Box: [593.6836547851562, 658.0172119140625, 318.979736328125, 475.4932861328125, 0.8575038313865662, 0.0]']
2025-02-04 15:16:40,804 - INFO - Detections for image_111.jpg: ['Class: bottle, Confidence: 0.37, Box: [477.62750244140625, 722.876953125, 315.0596923828125, 933.391357421875, 0.37124064564704895, 39.0]']
2025-02-04 15:16:41,074 - INFO - Detections for image_112.jpg: ['Class: bottle, Confidence: 0.38, Box: [186.3907012939453, 358.15911865234375, 168.04525756835938, 519.46044921875, 0.3844614624977112, 39.0]']
2025-02-04 15:16:41,405 - INFO - Detections for image_113.jpg: ['Class: person, Confidence: 0.75, Box: [307.47003173828125, 675.2427978515625, 136.35733032226562, 148.41375732421875, 0.750664472579956, 0.0]', 'Class: person, Confidence: 0.72, Box: [401.96429443359375, 649.8170166015625, 100.654296875, 184.97064208984375, 0.7235574722290039, 0.0]', 'Class: bottle, Confidence: 0.61, Box: [664.7738037109375, 577.21728515625, 255.40423583984375, 557.2505493164062, 0.6117573976516724, 39.0]', 'Class: person, Confidence: 0.59, Box: [481.1519775390625, 703.5944213867188, 115.44766235351562, 310.3851318359375, 0.5861027240753174, 0.0]', 'Class: person, Confidence: 0.29, Box: [620.5582275390625, 752.3050537109375, 120.81640625, 158.38861083984375, 0.28778207302093506, 0.0]']
2025-02-04 15:16:41,759 - INFO - Detections for image_114.jpg: []
2025-02-04 15:16:42,015 - INFO - Detections for image_115.jpg: []
2025-02-04 15:16:42,510 - INFO - Detections for image_116.jpg: []
2025-02-04 15:16:42,798 - INFO - Detections for image_117.jpg: []
2025-02-04 15:16:43,120 - INFO - Detections for image_118.jpg: []
2025-02-04 15:16:43,411 - INFO - Detections for image_119.jpg: []
2025-02-04 15:16:43,758 - INFO - Detections for image_12.jpg: []
2025-02-04 15:16:44,004 - INFO - Detections for image_120.jpg: []
2025-02-04 15:16:44,343 - INFO - Detections for image_121.jpg: []
2025-02-04 15:16:44,663 - INFO - Detections for image_122.jpg: ['Class: clock, Confidence: 0.65, Box: [588.5975952148438, 470.1396789550781, 589.180419921875, 582.9031372070312, 0.6456074714660645, 74.0]']
2025-02-04 15:16:45,004 - INFO - Detections for image_123.jpg: ['Class: book, Confidence: 0.36, Box: [971.7298583984375, 928.4097900390625, 602.7748413085938, 1696.994873046875, 0.35682180523872375, 73.0]']
2025-02-04 15:16:45,445 - INFO - Detections for image_124.jpg: []
2025-02-04 15:16:45,800 - INFO - Detections for image_125.jpg: ['Class: bottle, Confidence: 0.47, Box: [533.72216796875, 534.0567016601562, 209.70928955078125, 497.3617248535156, 0.4689175486564636, 39.0]']
2025-02-04 15:16:46,108 - INFO - Detections for image_126.jpg: ['Class: bottle, Confidence: 0.44, Box: [616.4558715820312, 473.7543029785156, 73.49462890625, 437.31024169921875, 0.44011932611465454, 39.0]', 'Class: bottle, Confidence: 0.42, Box: [238.05337524414062, 257.5145263671875, 182.0281524658203, 346.9529113769531, 0.41937056183815, 39.0]', 'Class: bottle, Confidence: 0.34, Box: [239.41909790039062, 447.46124267578125, 189.8935089111328, 654.0589599609375, 0.3444117307662964, 39.0]']
2025-02-04 15:16:46,407 - INFO - Detections for image_127.jpg: ['Class: bottle, Confidence: 0.46, Box: [372.693359375, 330.3329772949219, 60.1044921875, 295.1031494140625, 0.45832180976867676, 39.0]']
2025-02-04 15:16:46,673 - INFO - Detections for image_128.jpg: ['Class: bottle, Confidence: 0.69, Box: [576.7613525390625, 638.552490234375, 97.31988525390625, 540.102783203125, 0.6885467767715454, 39.0]', 'Class: bottle, Confidence: 0.45, Box: [764.9637451171875, 663.1815185546875, 264.24365234375, 580.7906494140625, 0.45454141497612, 39.0]']
2025-02-04 15:16:46,917 - INFO - Detections for image_129.jpg: ['Class: bottle, Confidence: 0.46, Box: [273.808837890625, 411.7193908691406, 269.56256103515625, 736.7732543945312, 0.4594224691390991, 39.0]']
2025-02-04 15:16:47,205 - INFO - Detections for image_13.jpg: []
2025-02-04 15:16:47,499 - INFO - Detections for image_130.jpg: []
2025-02-04 15:16:47,796 - INFO - Detections for image_131.jpg: []
2025-02-04 15:16:48,024 - INFO - Detections for image_132.jpg: ['Class: bottle, Confidence: 0.80, Box: [131.4801025390625, 319.6410217285156, 200.58949279785156, 594.4998168945312, 0.7983671426773071, 39.0]', 'Class: bottle, Confidence: 0.77, Box: [350.7220153808594, 324.5124206542969, 198.88038635253906, 552.9588012695312, 0.7723120450973511, 39.0]']
2025-02-04 15:16:48,317 - INFO - Detections for image_133.jpg: []
2025-02-04 15:16:48,494 - INFO - Detections for image_134.jpg: []
2025-02-04 15:16:48,776 - INFO - Detections for image_135.jpg: []
2025-02-04 15:16:49,015 - INFO - Detections for image_136.jpg: ['Class: laptop, Confidence: 0.28, Box: [105.70037841796875, 153.16639709472656, 136.35726928710938, 113.66720581054688, 0.27680736780166626, 63.0]']
2025-02-04 15:16:49,275 - INFO - Detections for image_137.jpg: []
2025-02-04 15:16:49,563 - INFO - Detections for image_138.jpg: []
2025-02-04 15:16:49,744 - INFO - Detections for image_139.jpg: []
2025-02-04 15:16:50,063 - INFO - Detections for image_14.jpg: []
2025-02-04 15:16:50,360 - INFO - Detections for image_140.jpg: []
2025-02-04 15:16:50,621 - INFO - Detections for image_141.jpg: ['Class: banana, Confidence: 0.31, Box: [918.332763671875, 514.0181274414062, 119.92706298828125, 64.969482421875, 0.31123262643814087, 46.0]', 'Class: stop sign, Confidence: 0.25, Box: [901.72705078125, 666.7444458007812, 186.67034912109375, 182.6893310546875, 0.253790020942688, 11.0]']
2025-02-04 15:16:51,093 - INFO - Detections for image_142.jpg: []
2025-02-04 15:16:51,389 - INFO - Detections for image_143.jpg: []
2025-02-04 15:16:51,654 - INFO - Detections for image_144.jpg: []
2025-02-04 15:16:52,022 - INFO - Detections for image_145.jpg: []
2025-02-04 15:16:52,297 - INFO - Detections for image_146.jpg: ['Class: person, Confidence: 0.67, Box: [511.36102294921875, 225.3338165283203, 159.38961791992188, 264.3681945800781, 0.6676324009895325, 0.0]']
2025-02-04 15:16:52,663 - INFO - Detections for image_147.jpg: []
2025-02-04 15:16:52,957 - INFO - Detections for image_148.jpg: []
2025-02-04 15:16:53,244 - INFO - Detections for image_149.jpg: []
2025-02-04 15:16:53,505 - INFO - Detections for image_15.jpg: []
2025-02-04 15:16:53,792 - INFO - Detections for image_150.jpg: []
2025-02-04 15:16:54,038 - INFO - Detections for image_151.jpg: []
2025-02-04 15:16:54,302 - INFO - Detections for image_152.jpg: []
2025-02-04 15:16:54,586 - INFO - Detections for image_153.jpg: []
2025-02-04 15:16:54,821 - INFO - Detections for image_154.jpg: []
2025-02-04 15:16:55,404 - INFO - Detections for image_155.jpg: []
2025-02-04 15:16:55,821 - INFO - Detections for image_156.jpg: []
2025-02-04 15:16:56,290 - INFO - Detections for image_157.jpg: ['Class: bottle, Confidence: 0.65, Box: [990.3425903320312, 610.3912353515625, 432.8704833984375, 917.192626953125, 0.6539204716682434, 39.0]', 'Class: bottle, Confidence: 0.39, Box: [625.919921875, 745.5179443359375, 477.9843444824219, 1050.7109375, 0.3869197964668274, 39.0]', 'Class: bottle, Confidence: 0.31, Box: [267.3851318359375, 626.4693603515625, 391.016357421875, 940.6780395507812, 0.31345847249031067, 39.0]']
2025-02-04 15:16:56,638 - INFO - Detections for image_158.jpg: []
2025-02-04 15:16:56,932 - INFO - Detections for image_159.jpg: []
2025-02-04 15:16:57,280 - INFO - Detections for image_16.jpg: ['Class: book, Confidence: 0.36, Box: [971.7298583984375, 928.4097900390625, 602.7748413085938, 1696.994873046875, 0.35682180523872375, 73.0]']
2025-02-04 15:16:57,551 - INFO - Detections for image_160.jpg: []
2025-02-04 15:16:57,799 - INFO - Detections for image_161.jpg: []
2025-02-04 15:16:58,025 - INFO - Detections for image_162.jpg: ['Class: bottle, Confidence: 0.57, Box: [255.31991577148438, 197.70208740234375, 39.211669921875, 130.73699951171875, 0.5729125738143921, 39.0]', 'Class: bottle, Confidence: 0.56, Box: [161.26499938964844, 184.33872985839844, 115.9664535522461, 197.64913940429688, 0.5647876262664795, 39.0]', 'Class: bottle, Confidence: 0.52, Box: [281.3061828613281, 200.34222412109375, 36.72967529296875, 113.70074462890625, 0.5162568688392639, 39.0]', 'Class: toilet, Confidence: 0.49, Box: [41.72751235961914, 202.8460693359375, 33.40699005126953, 108.09619140625, 0.49079248309135437, 61.0]', 'Class: bottle, Confidence: 0.47, Box: [228.51202392578125, 196.00271606445312, 41.919403076171875, 152.2586669921875, 0.4741649925708771, 39.0]', 'Class: bottle, Confidence: 0.39, Box: [294.9335021972656, 202.25738525390625, 27.477783203125, 103.80230712890625, 0.39421579241752625, 39.0]', 'Class: suitcase, Confidence: 0.31, Box: [90.52796173095703, 189.20748901367188, 34.276763916015625, 158.969482421875, 0.3067815601825714, 28.0]', 'Class: toilet, Confidence: 0.28, Box: [24.944965362548828, 204.12478637695312, 20.97135353088379, 96.13934326171875, 0.28479400277137756, 61.0]']
2025-02-04 15:16:58,269 - INFO - Detections for image_163.jpg: []
2025-02-04 15:16:58,534 - INFO - Detections for image_164.jpg: ['Class: vase, Confidence: 0.52, Box: [147.17726135253906, 960.3770141601562, 138.32815551757812, 414.3443603515625, 0.524461567401886, 75.0]', 'Class: cup, Confidence: 0.41, Box: [148.12319946289062, 962.8051147460938, 140.36358642578125, 420.8946533203125, 0.40566787123680115, 41.0]', 'Class: bottle, Confidence: 0.27, Box: [805.211669921875, 702.5894165039062, 247.062255859375, 588.5028076171875, 0.26876580715179443, 39.0]']
2025-02-04 15:16:58,775 - INFO - Detections for image_165.jpg: ['Class: book, Confidence: 0.35, Box: [223.994140625, 271.27923583984375, 153.0460968017578, 46.35484313964844, 0.3497384190559387, 73.0]']
2025-02-04 15:16:59,107 - INFO - Detections for image_166.jpg: []
2025-02-04 15:16:59,375 - INFO - Detections for image_167.jpg: []
2025-02-04 15:16:59,577 - INFO - Detections for image_168.jpg: []
2025-02-04 15:16:59,869 - INFO - Detections for image_169.jpg: ['Class: book, Confidence: 0.65, Box: [515.1659545898438, 968.1688232421875, 524.3839721679688, 103.5546875, 0.6486396193504333, 73.0]', 'Class: book, Confidence: 0.43, Box: [514.4391479492188, 834.0113525390625, 518.3707275390625, 176.30218505859375, 0.432669073343277, 73.0]', 'Class: person, Confidence: 0.31, Box: [678.435791015625, 705.3836059570312, 173.99530029296875, 458.5826416015625, 0.3087947964668274, 0.0]']
2025-02-04 15:17:00,081 - INFO - Detections for image_17.jpg: ['Class: bottle, Confidence: 0.46, Box: [273.808837890625, 411.7193908691406, 269.56256103515625, 736.7732543945312, 0.4594224691390991, 39.0]']
2025-02-04 15:17:00,355 - INFO - Detections for image_170.jpg: ['Class: bottle, Confidence: 0.37, Box: [477.62750244140625, 722.876953125, 315.0596923828125, 933.391357421875, 0.37124064564704895, 39.0]']
2025-02-04 15:17:00,611 - INFO - Detections for image_171.jpg: ['Class: bottle, Confidence: 0.50, Box: [787.3941650390625, 733.371826171875, 316.463623046875, 934.1517944335938, 0.4957005977630615, 39.0]']
2025-02-04 15:17:00,866 - INFO - Detections for image_172.jpg: []
2025-02-04 15:17:01,066 - INFO - Detections for image_173.jpg: []
2025-02-04 15:17:01,304 - INFO - Detections for image_174.jpg: ['Class: bottle, Confidence: 0.38, Box: [186.3907012939453, 358.15911865234375, 168.04525756835938, 519.46044921875, 0.3844614624977112, 39.0]']
2025-02-04 15:17:01,570 - INFO - Detections for image_175.jpg: ['Class: person, Confidence: 0.84, Box: [804.6370849609375, 752.4732055664062, 307.9732666015625, 375.3392333984375, 0.8443443775177002, 0.0]']
2025-02-04 15:17:01,819 - INFO - Detections for image_176.jpg: []
2025-02-04 15:17:02,056 - INFO - Detections for image_177.jpg: ['Class: vase, Confidence: 0.25, Box: [251.60496520996094, 267.5334167480469, 161.85751342773438, 449.3252868652344, 0.254205584526062, 75.0]']
2025-02-04 15:17:02,289 - INFO - Detections for image_178.jpg: ['Class: person, Confidence: 0.30, Box: [249.73587036132812, 73.25630187988281, 80.90232849121094, 66.24653625488281, 0.3031599223613739, 0.0]']
2025-02-04 15:17:02,521 - INFO - Detections for image_179.jpg: []
2025-02-04 15:17:02,758 - INFO - Detections for image_18.jpg: []
2025-02-04 15:17:02,997 - INFO - Detections for image_180.jpg: []
2025-02-04 15:17:03,258 - INFO - Detections for image_181.jpg: []
2025-02-04 15:17:03,522 - INFO - Detections for image_182.jpg: []
2025-02-04 15:17:03,758 - INFO - Detections for image_183.jpg: []
2025-02-04 15:17:04,084 - INFO - Detections for image_184.jpg: []
2025-02-04 15:17:04,312 - INFO - Detections for image_185.jpg: []
2025-02-04 15:17:04,556 - INFO - Detections for image_186.jpg: ['Class: bottle, Confidence: 0.67, Box: [514.5667114257812, 560.7063598632812, 389.7376403808594, 724.28662109375, 0.6680320501327515, 39.0]']
2025-02-04 15:17:04,818 - INFO - Detections for image_187.jpg: []
2025-02-04 15:17:05,040 - INFO - Detections for image_188.jpg: []
2025-02-04 15:17:05,290 - INFO - Detections for image_189.jpg: []
2025-02-04 15:17:05,545 - INFO - Detections for image_19.jpg: []
2025-02-04 15:17:05,793 - INFO - Detections for image_190.jpg: []
2025-02-04 15:17:06,034 - INFO - Detections for image_191.jpg: ['Class: person, Confidence: 0.67, Box: [511.36102294921875, 225.3338165283203, 159.38961791992188, 264.3681945800781, 0.6676324009895325, 0.0]']
2025-02-04 15:17:06,274 - INFO - Detections for image_192.jpg: ['Class: bottle, Confidence: 0.58, Box: [497.2437438964844, 511.9167785644531, 298.95452880859375, 857.8229370117188, 0.577905535697937, 39.0]']
2025-02-04 15:17:06,507 - INFO - Detections for image_193.jpg: ['Class: person, Confidence: 0.30, Box: [249.73587036132812, 73.25630187988281, 80.90232849121094, 66.24653625488281, 0.3031599223613739, 0.0]']
2025-02-04 15:17:06,806 - INFO - Detections for image_194.jpg: []
2025-02-04 15:17:07,082 - INFO - Detections for image_195.jpg: []
2025-02-04 15:17:07,344 - INFO - Detections for image_196.jpg: []
2025-02-04 15:17:07,670 - INFO - Detections for image_197.jpg: []
2025-02-04 15:17:07,929 - INFO - Detections for image_198.jpg: ['Class: person, Confidence: 0.67, Box: [511.36102294921875, 225.3338165283203, 159.38961791992188, 264.3681945800781, 0.6676324009895325, 0.0]']
2025-02-04 15:17:08,223 - INFO - Detections for image_199.jpg: []
2025-02-04 15:17:08,475 - INFO - Detections for image_2.jpg: []
2025-02-04 15:17:08,680 - INFO - Detections for image_20.jpg: ['Class: bottle, Confidence: 0.80, Box: [131.4801025390625, 319.6410217285156, 200.58949279785156, 594.4998168945312, 0.7983671426773071, 39.0]', 'Class: bottle, Confidence: 0.77, Box: [350.7220153808594, 324.5124206542969, 198.88038635253906, 552.9588012695312, 0.7723120450973511, 39.0]']
2025-02-04 15:17:08,947 - INFO - Detections for image_200.jpg: []
2025-02-04 15:17:09,192 - INFO - Detections for image_201.jpg: []
2025-02-04 15:17:09,446 - INFO - Detections for image_202.jpg: []
2025-02-04 15:17:09,737 - INFO - Detections for image_203.jpg: []
2025-02-04 15:17:09,987 - INFO - Detections for image_204.jpg: []
2025-02-04 15:17:10,258 - INFO - Detections for image_205.jpg: ['Class: vase, Confidence: 0.52, Box: [147.17726135253906, 960.3770141601562, 138.32815551757812, 414.3443603515625, 0.524461567401886, 75.0]', 'Class: cup, Confidence: 0.41, Box: [148.12319946289062, 962.8051147460938, 140.36358642578125, 420.8946533203125, 0.40566787123680115, 41.0]', 'Class: bottle, Confidence: 0.27, Box: [805.211669921875, 702.5894165039062, 247.062255859375, 588.5028076171875, 0.26876580715179443, 39.0]']
2025-02-04 15:17:10,487 - INFO - Detections for image_206.jpg: ['Class: book, Confidence: 0.35, Box: [223.994140625, 271.27923583984375, 153.0460968017578, 46.35484313964844, 0.3497384190559387, 73.0]']
2025-02-04 15:17:10,728 - INFO - Detections for image_207.jpg: ['Class: bottle, Confidence: 0.58, Box: [497.2437438964844, 511.9167785644531, 298.95452880859375, 857.8229370117188, 0.577905535697937, 39.0]']
2025-02-04 15:17:11,003 - INFO - Detections for image_208.jpg: []
2025-02-04 15:17:11,249 - INFO - Detections for image_209.jpg: []
2025-02-04 15:17:11,588 - INFO - Detections for image_21.jpg: []
2025-02-04 15:17:11,829 - INFO - Detections for image_210.jpg: []
2025-02-04 15:17:12,091 - INFO - Detections for image_211.jpg: []
2025-02-04 15:17:12,301 - INFO - Detections for image_212.jpg: []
2025-02-04 15:17:12,540 - INFO - Detections for image_213.jpg: []
2025-02-04 15:17:12,774 - INFO - Detections for image_214.jpg: []
2025-02-04 15:17:13,093 - INFO - Detections for image_215.jpg: ['Class: bowl, Confidence: 0.67, Box: [485.72943115234375, 774.313720703125, 496.8153991699219, 382.1834716796875, 0.6726518869400024, 45.0]']
2025-02-04 15:17:13,402 - INFO - Detections for image_216.jpg: []
2025-02-04 15:17:13,631 - INFO - Detections for image_217.jpg: []
2025-02-04 15:17:13,877 - INFO - Detections for image_218.jpg: ['Class: bottle, Confidence: 0.58, Box: [497.2437438964844, 511.9167785644531, 298.95452880859375, 857.8229370117188, 0.577905535697937, 39.0]']
2025-02-04 15:17:14,161 - INFO - Detections for image_219.jpg: []
2025-02-04 15:17:14,415 - INFO - Detections for image_22.jpg: []
2025-02-04 15:17:14,652 - INFO - Detections for image_220.jpg: []
2025-02-04 15:17:14,987 - INFO - Detections for image_221.jpg: []
2025-02-04 15:17:15,246 - INFO - Detections for image_222.jpg: []
2025-02-04 15:17:15,575 - INFO - Detections for image_223.jpg: []
2025-02-04 15:17:15,904 - INFO - Detections for image_224.jpg: ['Class: bottle, Confidence: 0.65, Box: [990.3425903320312, 610.3912353515625, 432.8704833984375, 917.192626953125, 0.6539204716682434, 39.0]', 'Class: bottle, Confidence: 0.39, Box: [625.919921875, 745.5179443359375, 477.9843444824219, 1050.7109375, 0.3869197964668274, 39.0]', 'Class: bottle, Confidence: 0.31, Box: [267.3851318359375, 626.4693603515625, 391.016357421875, 940.6780395507812, 0.31345847249031067, 39.0]']
2025-02-04 15:17:16,206 - INFO - Detections for image_225.jpg: []
2025-02-04 15:17:16,475 - INFO - Detections for image_226.jpg: ['Class: person, Confidence: 0.67, Box: [511.36102294921875, 225.3338165283203, 159.38961791992188, 264.3681945800781, 0.6676324009895325, 0.0]']
2025-02-04 15:17:16,743 - INFO - Detections for image_227.jpg: []
2025-02-04 15:17:17,054 - INFO - Detections for image_228.jpg: []
2025-02-04 15:17:17,426 - INFO - Detections for image_229.jpg: []
2025-02-04 15:17:17,693 - INFO - Detections for image_23.jpg: ['Class: person, Confidence: 0.67, Box: [511.36102294921875, 225.3338165283203, 159.38961791992188, 264.3681945800781, 0.6676324009895325, 0.0]']
2025-02-04 15:17:17,946 - INFO - Detections for image_230.jpg: []
2025-02-04 15:17:18,207 - INFO - Detections for image_231.jpg: []
2025-02-04 15:17:18,469 - INFO - Detections for image_232.jpg: []
2025-02-04 15:17:18,711 - INFO - Detections for image_233.jpg: []
2025-02-04 15:17:18,945 - INFO - Detections for image_234.jpg: []
2025-02-04 15:17:19,142 - INFO - Detections for image_235.jpg: []
2025-02-04 15:17:19,402 - INFO - Detections for image_236.jpg: []
2025-02-04 15:17:19,673 - INFO - Detections for image_237.jpg: []
2025-02-04 15:17:19,908 - INFO - Detections for image_238.jpg: []
2025-02-04 15:17:20,144 - INFO - Detections for image_239.jpg: []
2025-02-04 15:17:20,444 - INFO - Detections for image_24.jpg: []
2025-02-04 15:17:20,848 - INFO - Detections for image_240.jpg: []
2025-02-04 15:17:21,056 - INFO - Detections for image_241.jpg: []
2025-02-04 15:17:21,322 - INFO - Detections for image_242.jpg: []
2025-02-04 15:17:21,566 - INFO - Detections for image_243.jpg: []
2025-02-04 15:17:21,837 - INFO - Detections for image_244.jpg: []
2025-02-04 15:17:22,110 - INFO - Detections for image_245.jpg: []
2025-02-04 15:17:22,423 - INFO - Detections for image_246.jpg: []
2025-02-04 15:17:22,663 - INFO - Detections for image_247.jpg: []
2025-02-04 15:17:22,919 - INFO - Detections for image_248.jpg: []
2025-02-04 15:17:23,180 - INFO - Detections for image_249.jpg: []
2025-02-04 15:17:23,461 - INFO - Detections for image_25.jpg: []
2025-02-04 15:17:23,691 - INFO - Detections for image_250.jpg: []
2025-02-04 15:17:23,935 - INFO - Detections for image_251.jpg: []
2025-02-04 15:17:24,237 - INFO - Detections for image_252.jpg: []
2025-02-04 15:17:24,464 - INFO - Detections for image_253.jpg: []
2025-02-04 15:17:24,730 - INFO - Detections for image_254.jpg: ['Class: vase, Confidence: 0.52, Box: [147.17726135253906, 960.3770141601562, 138.32815551757812, 414.3443603515625, 0.524461567401886, 75.0]', 'Class: cup, Confidence: 0.41, Box: [148.12319946289062, 962.8051147460938, 140.36358642578125, 420.8946533203125, 0.40566787123680115, 41.0]', 'Class: bottle, Confidence: 0.27, Box: [805.211669921875, 702.5894165039062, 247.062255859375, 588.5028076171875, 0.26876580715179443, 39.0]']
2025-02-04 15:17:24,966 - INFO - Detections for image_255.jpg: ['Class: book, Confidence: 0.35, Box: [223.994140625, 271.27923583984375, 153.0460968017578, 46.35484313964844, 0.3497384190559387, 73.0]']
2025-02-04 15:17:25,269 - INFO - Detections for image_256.jpg: []
2025-02-04 15:17:25,501 - INFO - Detections for image_257.jpg: []
2025-02-04 15:17:25,741 - INFO - Detections for image_258.jpg: ['Class: person, Confidence: 0.67, Box: [511.36102294921875, 225.3338165283203, 159.38961791992188, 264.3681945800781, 0.6676324009895325, 0.0]']
2025-02-04 15:17:26,017 - INFO - Detections for image_259.jpg: ['Class: bottle, Confidence: 0.58, Box: [497.2437438964844, 511.9167785644531, 298.95452880859375, 857.8229370117188, 0.577905535697937, 39.0]']
2025-02-04 15:17:26,299 - INFO - Detections for image_26.jpg: []
2025-02-04 15:17:26,568 - INFO - Detections for image_260.jpg: []
2025-02-04 15:17:26,849 - INFO - Detections for image_261.jpg: []
2025-02-04 15:17:27,114 - INFO - Detections for image_262.jpg: []
2025-02-04 15:17:27,423 - INFO - Detections for image_263.jpg: []
2025-02-04 15:17:27,693 - INFO - Detections for image_264.jpg: []
2025-02-04 15:17:27,941 - INFO - Detections for image_265.jpg: []
2025-02-04 15:17:28,321 - INFO - Detections for image_266.jpg: []
2025-02-04 15:17:28,565 - INFO - Detections for image_267.jpg: []
2025-02-04 15:17:28,805 - INFO - Detections for image_268.jpg: []
2025-02-04 15:17:29,054 - INFO - Detections for image_269.jpg: []
2025-02-04 15:17:29,326 - INFO - Detections for image_27.jpg: []
2025-02-04 15:17:29,556 - INFO - Detections for image_270.jpg: []
2025-02-04 15:17:29,869 - INFO - Detections for image_271.jpg: ['Class: bottle, Confidence: 0.67, Box: [514.5667114257812, 560.7063598632812, 389.7376403808594, 724.28662109375, 0.6680320501327515, 39.0]']
2025-02-04 15:17:30,097 - INFO - Detections for image_272.jpg: []
2025-02-04 15:17:30,326 - INFO - Detections for image_273.jpg: []
2025-02-04 15:17:30,602 - INFO - Detections for image_274.jpg: []
2025-02-04 15:17:30,898 - INFO - Detections for image_275.jpg: ['Class: book, Confidence: 0.36, Box: [971.7298583984375, 928.4097900390625, 602.7748413085938, 1696.994873046875, 0.35682180523872375, 73.0]']
2025-02-04 15:17:31,221 - INFO - Detections for image_276.jpg: []
2025-02-04 15:17:31,477 - INFO - Detections for image_277.jpg: []
2025-02-04 15:17:31,713 - INFO - Detections for image_278.jpg: []
2025-02-04 15:17:31,966 - INFO - Detections for image_279.jpg: []
2025-02-04 15:17:32,213 - INFO - Detections for image_28.jpg: []
2025-02-04 15:17:32,466 - INFO - Detections for image_280.jpg: ['Class: vase, Confidence: 0.25, Box: [251.60496520996094, 267.5334167480469, 161.85751342773438, 449.3252868652344, 0.254205584526062, 75.0]']
2025-02-04 15:17:32,727 - INFO - Detections for image_281.jpg: ['Class: cup, Confidence: 0.30, Box: [899.0189819335938, 747.7037353515625, 175.7034912109375, 346.6622314453125, 0.3001781105995178, 41.0]']
2025-02-04 15:17:32,968 - INFO - Detections for image_282.jpg: []
2025-02-04 15:17:33,198 - INFO - Detections for image_283.jpg: []
2025-02-04 15:17:33,502 - INFO - Detections for image_284.jpg: []
2025-02-04 15:17:33,733 - INFO - Detections for image_285.jpg: []
2025-02-04 15:17:33,966 - INFO - Detections for image_286.jpg: []
2025-02-04 15:17:34,195 - INFO - Detections for image_287.jpg: []
2025-02-04 15:17:34,544 - INFO - Detections for image_288.jpg: []
2025-02-04 15:17:34,780 - INFO - Detections for image_289.jpg: []
2025-02-04 15:17:35,075 - INFO - Detections for image_29.jpg: []
2025-02-04 15:17:35,387 - INFO - Detections for image_290.jpg: ['Class: book, Confidence: 0.36, Box: [971.7298583984375, 928.4097900390625, 602.7748413085938, 1696.994873046875, 0.35682180523872375, 73.0]']
2025-02-04 15:17:35,662 - INFO - Detections for image_291.jpg: ['Class: bottle, Confidence: 0.47, Box: [501.8716125488281, 513.5582885742188, 394.70037841796875, 759.74267578125, 0.4726378321647644, 39.0]']
2025-02-04 15:17:35,924 - INFO - Detections for image_292.jpg: []
2025-02-04 15:17:36,176 - INFO - Detections for image_293.jpg: []
2025-02-04 15:17:36,441 - INFO - Detections for image_294.jpg: []
2025-02-04 15:17:36,691 - INFO - Detections for image_295.jpg: ['Class: person, Confidence: 0.30, Box: [249.73587036132812, 73.25630187988281, 80.90232849121094, 66.24653625488281, 0.3031599223613739, 0.0]']
2025-02-04 15:17:36,917 - INFO - Detections for image_296.jpg: []
2025-02-04 15:17:37,166 - INFO - Detections for image_297.jpg: ['Class: bowl, Confidence: 0.67, Box: [485.72943115234375, 774.313720703125, 496.8153991699219, 382.1834716796875, 0.6726518869400024, 45.0]']
2025-02-04 15:17:37,422 - INFO - Detections for image_298.jpg: ['Class: clock, Confidence: 0.65, Box: [588.5975952148438, 470.1396789550781, 589.180419921875, 582.9031372070312, 0.6456074714660645, 74.0]']
2025-02-04 15:17:37,660 - INFO - Detections for image_299.jpg: []
2025-02-04 15:17:37,920 - INFO - Detections for image_3.jpg: ['Class: bottle, Confidence: 0.67, Box: [514.5667114257812, 560.7063598632812, 389.7376403808594, 724.28662109375, 0.6680320501327515, 39.0]']
2025-02-04 15:17:38,199 - INFO - Detections for image_30.jpg: []
2025-02-04 15:17:38,451 - INFO - Detections for image_300.jpg: ['Class: bottle, Confidence: 0.38, Box: [186.3907012939453, 358.15911865234375, 168.04525756835938, 519.46044921875, 0.3844614624977112, 39.0]']
2025-02-04 15:17:38,727 - INFO - Detections for image_301.jpg: ['Class: person, Confidence: 0.86, Box: [593.6836547851562, 658.0172119140625, 318.979736328125, 475.4932861328125, 0.8575038313865662, 0.0]']
2025-02-04 15:17:38,979 - INFO - Detections for image_302.jpg: ['Class: book, Confidence: 0.65, Box: [515.1659545898438, 968.1688232421875, 524.3839721679688, 103.5546875, 0.6486396193504333, 73.0]', 'Class: book, Confidence: 0.43, Box: [514.4391479492188, 834.0113525390625, 518.3707275390625, 176.30218505859375, 0.432669073343277, 73.0]', 'Class: person, Confidence: 0.31, Box: [678.435791015625, 705.3836059570312, 173.99530029296875, 458.5826416015625, 0.3087947964668274, 0.0]']
2025-02-04 15:17:39,302 - INFO - Detections for image_303.jpg: ['Class: bottle, Confidence: 0.50, Box: [787.3941650390625, 733.371826171875, 316.463623046875, 934.1517944335938, 0.4957005977630615, 39.0]']
2025-02-04 15:17:39,532 - INFO - Detections for image_304.jpg: []
2025-02-04 15:17:39,758 - INFO - Detections for image_305.jpg: []
2025-02-04 15:17:40,012 - INFO - Detections for image_306.jpg: ['Class: person, Confidence: 0.84, Box: [804.6370849609375, 752.4732055664062, 307.9732666015625, 375.3392333984375, 0.8443443775177002, 0.0]']
2025-02-04 15:17:40,280 - INFO - Detections for image_307.jpg: ['Class: vase, Confidence: 0.52, Box: [147.17726135253906, 960.3770141601562, 138.32815551757812, 414.3443603515625, 0.524461567401886, 75.0]', 'Class: cup, Confidence: 0.41, Box: [148.12319946289062, 962.8051147460938, 140.36358642578125, 420.8946533203125, 0.40566787123680115, 41.0]', 'Class: bottle, Confidence: 0.27, Box: [805.211669921875, 702.5894165039062, 247.062255859375, 588.5028076171875, 0.26876580715179443, 39.0]']
2025-02-04 15:17:40,508 - INFO - Detections for image_308.jpg: ['Class: book, Confidence: 0.35, Box: [223.994140625, 271.27923583984375, 153.0460968017578, 46.35484313964844, 0.3497384190559387, 73.0]']
2025-02-04 15:17:40,746 - INFO - Detections for image_309.jpg: []
2025-02-04 15:17:41,002 - INFO - Detections for image_31.jpg: ['Class: bottle, Confidence: 0.67, Box: [514.5667114257812, 560.7063598632812, 389.7376403808594, 724.28662109375, 0.6680320501327515, 39.0]']
2025-02-04 15:17:41,247 - INFO - Detections for image_310.jpg: []
2025-02-04 15:17:41,498 - INFO - Detections for image_311.jpg: []
2025-02-04 15:17:41,750 - INFO - Detections for image_312.jpg: []
2025-02-04 15:17:42,003 - INFO - Detections for image_313.jpg: ['Class: bottle, Confidence: 0.67, Box: [514.5667114257812, 560.7063598632812, 389.7376403808594, 724.28662109375, 0.6680320501327515, 39.0]']
2025-02-04 15:17:42,272 - INFO - Detections for image_314.jpg: []
2025-02-04 15:17:42,461 - INFO - Detections for image_315.jpg: []
2025-02-04 15:17:42,724 - INFO - Detections for image_316.jpg: []
2025-02-04 15:17:43,040 - INFO - Detections for image_317.jpg: []
2025-02-04 15:17:43,303 - INFO - Detections for image_318.jpg: []
2025-02-04 15:17:43,549 - INFO - Detections for image_319.jpg: []
2025-02-04 15:17:43,820 - INFO - Detections for image_32.jpg: []
2025-02-04 15:17:44,108 - INFO - Detections for image_320.jpg: []
2025-02-04 15:17:44,399 - INFO - Detections for image_321.jpg: ['Class: person, Confidence: 0.67, Box: [511.36102294921875, 225.3338165283203, 159.38961791992188, 264.3681945800781, 0.6676324009895325, 0.0]']
2025-02-04 15:17:44,705 - INFO - Detections for image_322.jpg: []
2025-02-04 15:17:45,005 - INFO - Detections for image_323.jpg: []
2025-02-04 15:17:45,301 - INFO - Detections for image_324.jpg: []
2025-02-04 15:17:45,694 - INFO - Detections for image_325.jpg: []
2025-02-04 15:17:46,076 - INFO - Detections for image_326.jpg: []
2025-02-04 15:17:46,385 - INFO - Detections for image_327.jpg: []
2025-02-04 15:17:46,685 - INFO - Detections for image_328.jpg: ['Class: person, Confidence: 0.67, Box: [511.36102294921875, 225.3338165283203, 159.38961791992188, 264.3681945800781, 0.6676324009895325, 0.0]']
2025-02-04 15:17:46,966 - INFO - Detections for image_329.jpg: ['Class: bottle, Confidence: 0.58, Box: [497.2437438964844, 511.9167785644531, 298.95452880859375, 857.8229370117188, 0.577905535697937, 39.0]']
2025-02-04 15:17:47,323 - INFO - Detections for image_33.jpg: []
2025-02-04 15:17:47,596 - INFO - Detections for image_330.jpg: ['Class: person, Confidence: 0.30, Box: [249.73587036132812, 73.25630187988281, 80.90232849121094, 66.24653625488281, 0.3031599223613739, 0.0]']
2025-02-04 15:17:47,897 - INFO - Detections for image_331.jpg: ['Class: book, Confidence: 0.65, Box: [515.1659545898438, 968.1688232421875, 524.3839721679688, 103.5546875, 0.6486396193504333, 73.0]', 'Class: book, Confidence: 0.43, Box: [514.4391479492188, 834.0113525390625, 518.3707275390625, 176.30218505859375, 0.432669073343277, 73.0]', 'Class: person, Confidence: 0.31, Box: [678.435791015625, 705.3836059570312, 173.99530029296875, 458.5826416015625, 0.3087947964668274, 0.0]']
2025-02-04 15:17:48,286 - INFO - Detections for image_332.jpg: ['Class: person, Confidence: 0.84, Box: [804.6370849609375, 752.4732055664062, 307.9732666015625, 375.3392333984375, 0.8443443775177002, 0.0]']
2025-02-04 15:17:48,657 - INFO - Detections for image_333.jpg: []
2025-02-04 15:17:49,200 - INFO - Detections for image_334.jpg: []
2025-02-04 15:17:49,517 - INFO - Detections for image_335.jpg: []
2025-02-04 15:17:49,714 - INFO - Detections for image_336.jpg: []
2025-02-04 15:17:50,012 - INFO - Detections for image_337.jpg: []
2025-02-04 15:17:50,507 - INFO - Detections for image_338.jpg: []
2025-02-04 15:17:50,910 - INFO - Detections for image_339.jpg: ['Class: book, Confidence: 0.27, Box: [384.7942810058594, 314.2214660644531, 169.94195556640625, 490.13299560546875, 0.2727130353450775, 73.0]', 'Class: book, Confidence: 0.26, Box: [131.73861694335938, 307.15032958984375, 62.202301025390625, 530.0130615234375, 0.2603306174278259, 73.0]']
2025-02-04 15:17:51,269 - INFO - Detections for image_34.jpg: []
2025-02-04 15:17:51,608 - INFO - Detections for image_340.jpg: []
2025-02-04 15:17:51,901 - INFO - Detections for image_341.jpg: []
2025-02-04 15:17:52,238 - INFO - Detections for image_342.jpg: []
2025-02-04 15:17:52,550 - INFO - Detections for image_343.jpg: []
2025-02-04 15:17:53,123 - INFO - Detections for image_344.jpg: []
2025-02-04 15:17:54,382 - INFO - Detections for image_345.jpg: ['Class: person, Confidence: 0.48, Box: [667.5262451171875, 656.0801391601562, 242.50128173828125, 380.9494934082031, 0.4755677282810211, 0.0]']
2025-02-04 15:17:55,121 - INFO - Detections for image_346.jpg: []
2025-02-04 15:17:55,849 - INFO - Detections for image_347.jpg: []
2025-02-04 15:17:56,294 - INFO - Detections for image_348.jpg: []
2025-02-04 15:17:56,873 - INFO - Detections for image_349.jpg: []
2025-02-04 15:17:57,218 - INFO - Detections for image_35.jpg: []
2025-02-04 15:17:57,599 - INFO - Detections for image_350.jpg: ['Class: person, Confidence: 0.86, Box: [593.6836547851562, 658.0172119140625, 318.979736328125, 475.4932861328125, 0.8575038313865662, 0.0]']
2025-02-04 15:17:57,873 - INFO - Detections for image_351.jpg: []
2025-02-04 15:17:58,178 - INFO - Detections for image_352.jpg: []
2025-02-04 15:17:58,457 - INFO - Detections for image_353.jpg: []
2025-02-04 15:17:58,694 - INFO - Detections for image_354.jpg: ['Class: laptop, Confidence: 0.28, Box: [105.70037841796875, 153.16639709472656, 136.35726928710938, 113.66720581054688, 0.27680736780166626, 63.0]']
2025-02-04 15:17:59,001 - INFO - Detections for image_355.jpg: []
2025-02-04 15:17:59,253 - INFO - Detections for image_356.jpg: []
2025-02-04 15:17:59,480 - INFO - Detections for image_357.jpg: []
2025-02-04 15:17:59,731 - INFO - Detections for image_358.jpg: []
2025-02-04 15:17:59,964 - INFO - Detections for image_359.jpg: ['Class: banana, Confidence: 0.31, Box: [918.332763671875, 514.0181274414062, 119.92706298828125, 64.969482421875, 0.31123262643814087, 46.0]', 'Class: stop sign, Confidence: 0.25, Box: [901.72705078125, 666.7444458007812, 186.67034912109375, 182.6893310546875, 0.253790020942688, 11.0]']
2025-02-04 15:18:00,271 - INFO - Detections for image_36.jpg: []
2025-02-04 15:18:00,669 - INFO - Detections for image_360.jpg: []
2025-02-04 15:18:00,995 - INFO - Detections for image_361.jpg: []
2025-02-04 15:18:01,265 - INFO - Detections for image_362.jpg: []
2025-02-04 15:18:01,655 - INFO - Detections for image_363.jpg: []
2025-02-04 15:18:01,966 - INFO - Detections for image_364.jpg: []
2025-02-04 15:18:02,267 - INFO - Detections for image_365.jpg: ['Class: person, Confidence: 0.67, Box: [511.36102294921875, 225.3338165283203, 159.38961791992188, 264.3681945800781, 0.6676324009895325, 0.0]']
2025-02-04 15:18:02,645 - INFO - Detections for image_366.jpg: []
2025-02-04 15:18:03,006 - INFO - Detections for image_367.jpg: []
2025-02-04 15:18:03,405 - INFO - Detections for image_368.jpg: ['Class: bottle, Confidence: 0.58, Box: [497.2437438964844, 511.9167785644531, 298.95452880859375, 857.8229370117188, 0.577905535697937, 39.0]']
2025-02-04 15:18:03,696 - INFO - Detections for image_369.jpg: ['Class: person, Confidence: 0.30, Box: [249.73587036132812, 73.25630187988281, 80.90232849121094, 66.24653625488281, 0.3031599223613739, 0.0]']
2025-02-04 15:18:04,020 - INFO - Detections for image_37.jpg: ['Class: cup, Confidence: 0.83, Box: [109.04034423828125, 276.4895935058594, 73.99222564697266, 59.49363708496094, 0.8332101106643677, 41.0]']
2025-02-04 15:18:04,644 - INFO - Detections for image_370.jpg: []
2025-02-04 15:18:07,428 - INFO - Detections for image_371.jpg: []
2025-02-04 15:18:09,137 - INFO - Detections for image_372.jpg: []
2025-02-04 15:18:11,429 - INFO - Detections for image_373.jpg: []
2025-02-04 15:18:12,953 - INFO - Detections for image_374.jpg: []
2025-02-04 15:18:13,659 - INFO - Detections for image_375.jpg: ['Class: bowl, Confidence: 0.67, Box: [485.72943115234375, 774.313720703125, 496.8153991699219, 382.1834716796875, 0.6726518869400024, 45.0]']
2025-02-04 15:18:14,683 - INFO - Detections for image_376.jpg: []
2025-02-04 15:18:14,991 - INFO - Detections for image_377.jpg: ['Class: bottle, Confidence: 0.57, Box: [255.31991577148438, 197.70208740234375, 39.211669921875, 130.73699951171875, 0.5729125738143921, 39.0]', 'Class: bottle, Confidence: 0.56, Box: [161.26499938964844, 184.33872985839844, 115.9664535522461, 197.64913940429688, 0.5647876262664795, 39.0]', 'Class: bottle, Confidence: 0.52, Box: [281.3061828613281, 200.34222412109375, 36.72967529296875, 113.70074462890625, 0.5162568688392639, 39.0]', 'Class: toilet, Confidence: 0.49, Box: [41.72751235961914, 202.8460693359375, 33.40699005126953, 108.09619140625, 0.49079248309135437, 61.0]', 'Class: bottle, Confidence: 0.47, Box: [228.51202392578125, 196.00271606445312, 41.919403076171875, 152.2586669921875, 0.4741649925708771, 39.0]', 'Class: bottle, Confidence: 0.39, Box: [294.9335021972656, 202.25738525390625, 27.477783203125, 103.80230712890625, 0.39421579241752625, 39.0]', 'Class: suitcase, Confidence: 0.31, Box: [90.52796173095703, 189.20748901367188, 34.276763916015625, 158.969482421875, 0.3067815601825714, 28.0]', 'Class: toilet, Confidence: 0.28, Box: [24.944965362548828, 204.12478637695312, 20.97135353088379, 96.13934326171875, 0.28479400277137756, 61.0]']
2025-02-04 15:18:15,371 - INFO - Detections for image_378.jpg: ['Class: cup, Confidence: 0.30, Box: [899.0189819335938, 747.7037353515625, 175.7034912109375, 346.6622314453125, 0.3001781105995178, 41.0]']
2025-02-04 15:18:15,688 - INFO - Detections for image_379.jpg: []
2025-02-04 15:18:16,026 - INFO - Detections for image_38.jpg: []
2025-02-04 15:18:16,388 - INFO - Detections for image_380.jpg: ['Class: bottle, Confidence: 0.65, Box: [990.3425903320312, 610.3912353515625, 432.8704833984375, 917.192626953125, 0.6539204716682434, 39.0]', 'Class: bottle, Confidence: 0.39, Box: [625.919921875, 745.5179443359375, 477.9843444824219, 1050.7109375, 0.3869197964668274, 39.0]', 'Class: bottle, Confidence: 0.31, Box: [267.3851318359375, 626.4693603515625, 391.016357421875, 940.6780395507812, 0.31345847249031067, 39.0]']
2025-02-04 15:18:16,655 - INFO - Detections for image_381.jpg: []
2025-02-04 15:18:16,988 - INFO - Detections for image_382.jpg: ['Class: vase, Confidence: 0.52, Box: [147.17726135253906, 960.3770141601562, 138.32815551757812, 414.3443603515625, 0.524461567401886, 75.0]', 'Class: cup, Confidence: 0.41, Box: [148.12319946289062, 962.8051147460938, 140.36358642578125, 420.8946533203125, 0.40566787123680115, 41.0]', 'Class: bottle, Confidence: 0.27, Box: [805.211669921875, 702.5894165039062, 247.062255859375, 588.5028076171875, 0.26876580715179443, 39.0]']
2025-02-04 15:18:17,261 - INFO - Detections for image_383.jpg: ['Class: book, Confidence: 0.35, Box: [223.994140625, 271.27923583984375, 153.0460968017578, 46.35484313964844, 0.3497384190559387, 73.0]']
2025-02-04 15:18:17,585 - INFO - Detections for image_384.jpg: []
2025-02-04 15:18:17,895 - INFO - Detections for image_385.jpg: []
2025-02-04 15:18:18,219 - INFO - Detections for image_386.jpg: []
2025-02-04 15:18:18,477 - INFO - Detections for image_387.jpg: []
2025-02-04 15:18:18,848 - INFO - Detections for image_388.jpg: []
2025-02-04 15:18:19,123 - INFO - Detections for image_389.jpg: []
2025-02-04 15:18:19,439 - INFO - Detections for image_39.jpg: []
2025-02-04 15:18:19,776 - INFO - Detections for image_390.jpg: []
2025-02-04 15:18:20,236 - INFO - Detections for image_391.jpg: []
2025-02-04 15:18:20,552 - INFO - Detections for image_392.jpg: []
2025-02-04 15:18:21,009 - INFO - Detections for image_393.jpg: ['Class: bottle, Confidence: 0.67, Box: [514.5667114257812, 560.7063598632812, 389.7376403808594, 724.28662109375, 0.6680320501327515, 39.0]']
2025-02-04 15:18:21,453 - INFO - Detections for image_394.jpg: []
2025-02-04 15:18:21,732 - INFO - Detections for image_395.jpg: []
2025-02-04 15:18:22,234 - INFO - Detections for image_396.jpg: ['Class: parking meter, Confidence: 0.63, Box: [1289.5869140625, 1326.60107421875, 943.328125, 2441.2734375, 0.6312494874000549, 12.0]']
2025-02-04 15:18:22,491 - INFO - Detections for image_397.jpg: []
2025-02-04 15:18:22,747 - INFO - Detections for image_398.jpg: []
2025-02-04 15:18:23,080 - INFO - Detections for image_399.jpg: ['Class: bottle, Confidence: 0.58, Box: [497.2437438964844, 511.9167785644531, 298.95452880859375, 857.8229370117188, 0.577905535697937, 39.0]']
2025-02-04 15:18:23,363 - INFO - Detections for image_4.jpg: []
2025-02-04 15:18:23,693 - INFO - Detections for image_40.jpg: []
2025-02-04 15:18:23,970 - INFO - Detections for image_400.jpg: []
2025-02-04 15:18:24,333 - INFO - Detections for image_401.jpg: []
2025-02-04 15:18:24,603 - INFO - Detections for image_402.jpg: []
2025-02-04 15:18:24,920 - INFO - Detections for image_403.jpg: ['Class: bottle, Confidence: 0.67, Box: [514.5667114257812, 560.7063598632812, 389.7376403808594, 724.28662109375, 0.6680320501327515, 39.0]']
2025-02-04 15:18:25,177 - INFO - Detections for image_404.jpg: []
2025-02-04 15:18:25,512 - INFO - Detections for image_405.jpg: []
2025-02-04 15:18:25,810 - INFO - Detections for image_406.jpg: []
2025-02-04 15:18:26,118 - INFO - Detections for image_407.jpg: []
2025-02-04 15:18:26,369 - INFO - Detections for image_408.jpg: []
2025-02-04 15:18:26,692 - INFO - Detections for image_409.jpg: []
2025-02-04 15:18:26,972 - INFO - Detections for image_41.jpg: []
2025-02-04 15:18:27,247 - INFO - Detections for image_410.jpg: []
2025-02-04 15:18:27,542 - INFO - Detections for image_411.jpg: ['Class: bowl, Confidence: 0.67, Box: [485.72943115234375, 774.313720703125, 496.8153991699219, 382.1834716796875, 0.6726518869400024, 45.0]']
2025-02-04 15:18:27,827 - INFO - Detections for image_412.jpg: []
2025-02-04 15:18:28,123 - INFO - Detections for image_413.jpg: []
2025-02-04 15:18:28,400 - INFO - Detections for image_414.jpg: []
2025-02-04 15:18:28,687 - INFO - Detections for image_415.jpg: []
2025-02-04 15:18:29,036 - INFO - Detections for image_416.jpg: []
2025-02-04 15:18:29,498 - INFO - Detections for image_417.jpg: []
2025-02-04 15:18:29,853 - INFO - Detections for image_418.jpg: []
2025-02-04 15:18:30,137 - INFO - Detections for image_419.jpg: ['Class: bottle, Confidence: 0.47, Box: [501.8716125488281, 513.5582885742188, 394.70037841796875, 759.74267578125, 0.4726378321647644, 39.0]']
2025-02-04 15:18:30,487 - INFO - Detections for image_42.jpg: []
2025-02-04 15:18:30,902 - INFO - Detections for image_420.jpg: ['Class: book, Confidence: 0.36, Box: [971.7298583984375, 928.4097900390625, 602.7748413085938, 1696.994873046875, 0.35682180523872375, 73.0]']
2025-02-04 15:18:31,164 - INFO - Detections for image_421.jpg: ['Class: book, Confidence: 0.27, Box: [384.7942810058594, 314.2214660644531, 169.94195556640625, 490.13299560546875, 0.2727130353450775, 73.0]', 'Class: book, Confidence: 0.26, Box: [131.73861694335938, 307.15032958984375, 62.202301025390625, 530.0130615234375, 0.2603306174278259, 73.0]']
2025-02-04 15:18:31,520 - INFO - Detections for image_422.jpg: []
2025-02-04 15:18:31,799 - INFO - Detections for image_423.jpg: []
2025-02-04 15:18:32,198 - INFO - Detections for image_424.jpg: []
2025-02-04 15:18:32,449 - INFO - Detections for image_425.jpg: []
2025-02-04 15:18:32,778 - INFO - Detections for image_426.jpg: []
2025-02-04 15:18:33,031 - INFO - Detections for image_427.jpg: ['Class: bottle, Confidence: 0.38, Box: [186.3907012939453, 358.15911865234375, 168.04525756835938, 519.46044921875, 0.3844614624977112, 39.0]']
2025-02-04 15:18:33,360 - INFO - Detections for image_428.jpg: ['Class: person, Confidence: 0.86, Box: [593.6836547851562, 658.0172119140625, 318.979736328125, 475.4932861328125, 0.8575038313865662, 0.0]']
2025-02-04 15:18:33,627 - INFO - Detections for image_429.jpg: ['Class: book, Confidence: 0.65, Box: [515.1659545898438, 968.1688232421875, 524.3839721679688, 103.5546875, 0.6486396193504333, 73.0]', 'Class: book, Confidence: 0.43, Box: [514.4391479492188, 834.0113525390625, 518.3707275390625, 176.30218505859375, 0.432669073343277, 73.0]', 'Class: person, Confidence: 0.31, Box: [678.435791015625, 705.3836059570312, 173.99530029296875, 458.5826416015625, 0.3087947964668274, 0.0]']
2025-02-04 15:18:34,078 - INFO - Detections for image_43.jpg: []
2025-02-04 15:18:34,360 - INFO - Detections for image_430.jpg: ['Class: bottle, Confidence: 0.50, Box: [787.3941650390625, 733.371826171875, 316.463623046875, 934.1517944335938, 0.4957005977630615, 39.0]']
2025-02-04 15:18:34,688 - INFO - Detections for image_431.jpg: []
2025-02-04 15:18:34,970 - INFO - Detections for image_432.jpg: []
2025-02-04 15:18:35,412 - INFO - Detections for image_433.jpg: ['Class: person, Confidence: 0.84, Box: [804.6370849609375, 752.4732055664062, 307.9732666015625, 375.3392333984375, 0.8443443775177002, 0.0]']
2025-02-04 15:18:35,671 - INFO - Detections for image_434.jpg: []
2025-02-04 15:18:36,039 - INFO - Detections for image_435.jpg: ['Class: bottle, Confidence: 0.34, Box: [412.32794189453125, 610.75341796875, 345.37255859375, 1114.7646484375, 0.33943578600883484, 39.0]', 'Class: bottle, Confidence: 0.28, Box: [789.9215087890625, 608.3330078125, 347.90679931640625, 1110.761474609375, 0.2843709886074066, 39.0]']
2025-02-04 15:18:36,312 - INFO - Detections for image_436.jpg: ['Class: cell phone, Confidence: 0.29, Box: [113.35316467285156, 128.3485565185547, 79.35433197021484, 182.88157653808594, 0.2917262017726898, 67.0]']
2025-02-04 15:18:36,696 - INFO - Detections for image_437.jpg: []
2025-02-04 15:18:37,004 - INFO - Detections for image_438.jpg: ['Class: book, Confidence: 0.27, Box: [384.7942810058594, 314.2214660644531, 169.94195556640625, 490.13299560546875, 0.2727130353450775, 73.0]', 'Class: book, Confidence: 0.26, Box: [131.73861694335938, 307.15032958984375, 62.202301025390625, 530.0130615234375, 0.2603306174278259, 73.0]']
2025-02-04 15:18:37,391 - INFO - Detections for image_439.jpg: ['Class: vase, Confidence: 0.52, Box: [147.17726135253906, 960.3770141601562, 138.32815551757812, 414.3443603515625, 0.524461567401886, 75.0]', 'Class: cup, Confidence: 0.41, Box: [148.12319946289062, 962.8051147460938, 140.36358642578125, 420.8946533203125, 0.40566787123680115, 41.0]', 'Class: bottle, Confidence: 0.27, Box: [805.211669921875, 702.5894165039062, 247.062255859375, 588.5028076171875, 0.26876580715179443, 39.0]']
2025-02-04 15:18:37,699 - INFO - Detections for image_44.jpg: []
2025-02-04 15:18:38,010 - INFO - Detections for image_440.jpg: ['Class: book, Confidence: 0.35, Box: [223.994140625, 271.27923583984375, 153.0460968017578, 46.35484313964844, 0.3497384190559387, 73.0]']
2025-02-04 15:18:38,291 - INFO - Detections for image_441.jpg: []
2025-02-04 15:18:38,729 - INFO - Detections for image_442.jpg: []
2025-02-04 15:18:39,019 - INFO - Detections for image_443.jpg: []
2025-02-04 15:18:39,303 - INFO - Detections for image_444.jpg: []
2025-02-04 15:18:39,578 - INFO - Detections for image_445.jpg: []
2025-02-04 15:18:39,880 - INFO - Detections for image_446.jpg: []
2025-02-04 15:18:40,164 - INFO - Detections for image_447.jpg: []
2025-02-04 15:18:40,472 - INFO - Detections for image_448.jpg: ['Class: bottle, Confidence: 0.67, Box: [514.5667114257812, 560.7063598632812, 389.7376403808594, 724.28662109375, 0.6680320501327515, 39.0]']
2025-02-04 15:18:40,740 - INFO - Detections for image_449.jpg: []
2025-02-04 15:18:41,021 - INFO - Detections for image_45.jpg: []
2025-02-04 15:18:41,217 - INFO - Detections for image_450.jpg: []
2025-02-04 15:18:41,498 - INFO - Detections for image_451.jpg: []
2025-02-04 15:18:41,739 - INFO - Detections for image_452.jpg: ['Class: cup, Confidence: 0.75, Box: [109.37617492675781, 276.56427001953125, 75.04010772705078, 59.250274658203125, 0.7471787333488464, 41.0]']
2025-02-04 15:18:41,964 - INFO - Detections for image_453.jpg: []
2025-02-04 15:18:42,482 - INFO - Detections for image_454.jpg: []
2025-02-04 15:18:42,942 - INFO - Detections for image_455.jpg: []
2025-02-04 15:18:43,232 - INFO - Detections for image_456.jpg: []
2025-02-04 15:18:43,567 - INFO - Detections for image_457.jpg: []
2025-02-04 15:18:43,845 - INFO - Detections for image_458.jpg: []
2025-02-04 15:18:44,079 - INFO - Detections for image_459.jpg: []
2025-02-04 15:18:44,384 - INFO - Detections for image_46.jpg: []
2025-02-04 15:18:44,626 - INFO - Detections for image_460.jpg: []
2025-02-04 15:18:44,919 - INFO - Detections for image_461.jpg: ['Class: bowl, Confidence: 0.67, Box: [485.72943115234375, 774.313720703125, 496.8153991699219, 382.1834716796875, 0.6726518869400024, 45.0]']
2025-02-04 15:18:45,154 - INFO - Detections for image_462.jpg: []
2025-02-04 15:18:45,403 - INFO - Detections for image_463.jpg: []
2025-02-04 15:18:45,658 - INFO - Detections for image_464.jpg: []
2025-02-04 15:18:45,861 - INFO - Detections for image_465.jpg: []
2025-02-04 15:18:46,065 - INFO - Detections for image_466.jpg: []
2025-02-04 15:18:46,316 - INFO - Detections for image_467.jpg: []
2025-02-04 15:18:46,622 - INFO - Detections for image_468.jpg: []
2025-02-04 15:18:46,856 - INFO - Detections for image_469.jpg: []
2025-02-04 15:18:47,140 - INFO - Detections for image_47.jpg: ['Class: clock, Confidence: 0.65, Box: [588.5975952148438, 470.1396789550781, 589.180419921875, 582.9031372070312, 0.6456074714660645, 74.0]']
2025-02-04 15:18:47,394 - INFO - Detections for image_470.jpg: []
2025-02-04 15:18:47,654 - INFO - Detections for image_471.jpg: []
2025-02-04 15:18:47,912 - INFO - Detections for image_472.jpg: []
2025-02-04 15:18:48,183 - INFO - Detections for image_473.jpg: ['Class: cup, Confidence: 0.75, Box: [109.37617492675781, 276.56427001953125, 75.04010772705078, 59.250274658203125, 0.7471787333488464, 41.0]']
2025-02-04 15:18:48,487 - INFO - Detections for image_474.jpg: []
2025-02-04 15:18:48,714 - INFO - Detections for image_475.jpg: []
2025-02-04 15:18:49,003 - INFO - Detections for image_476.jpg: ['Class: bottle, Confidence: 0.58, Box: [497.2437438964844, 511.9167785644531, 298.95452880859375, 857.8229370117188, 0.577905535697937, 39.0]']
2025-02-04 15:18:49,273 - INFO - Detections for image_477.jpg: []
2025-02-04 15:18:49,583 - INFO - Detections for image_478.jpg: []
2025-02-04 15:18:49,821 - INFO - Detections for image_479.jpg: []
2025-02-04 15:18:50,162 - INFO - Detections for image_48.jpg: ['Class: book, Confidence: 0.36, Box: [971.7298583984375, 928.4097900390625, 602.7748413085938, 1696.994873046875, 0.35682180523872375, 73.0]']
2025-02-04 15:18:50,387 - INFO - Detections for image_480.jpg: []
2025-02-04 15:18:50,698 - INFO - Detections for image_481.jpg: ['Class: vase, Confidence: 0.52, Box: [147.17726135253906, 960.3770141601562, 138.32815551757812, 414.3443603515625, 0.524461567401886, 75.0]', 'Class: cup, Confidence: 0.41, Box: [148.12319946289062, 962.8051147460938, 140.36358642578125, 420.8946533203125, 0.40566787123680115, 41.0]', 'Class: bottle, Confidence: 0.27, Box: [805.211669921875, 702.5894165039062, 247.062255859375, 588.5028076171875, 0.26876580715179443, 39.0]']
2025-02-04 15:18:50,984 - INFO - Detections for image_482.jpg: ['Class: book, Confidence: 0.35, Box: [223.994140625, 271.27923583984375, 153.0460968017578, 46.35484313964844, 0.3497384190559387, 73.0]']
2025-02-04 15:18:51,253 - INFO - Detections for image_483.jpg: ['Class: person, Confidence: 0.30, Box: [249.73587036132812, 73.25630187988281, 80.90232849121094, 66.24653625488281, 0.3031599223613739, 0.0]']
2025-02-04 15:18:51,510 - INFO - Detections for image_484.jpg: []
2025-02-04 15:18:51,818 - INFO - Detections for image_485.jpg: ['Class: bowl, Confidence: 0.67, Box: [485.72943115234375, 774.313720703125, 496.8153991699219, 382.1834716796875, 0.6726518869400024, 45.0]']
2025-02-04 15:18:52,247 - INFO - Detections for image_486.jpg: ['Class: clock, Confidence: 0.65, Box: [588.5975952148438, 470.1396789550781, 589.180419921875, 582.9031372070312, 0.6456074714660645, 74.0]']
2025-02-04 15:18:52,483 - INFO - Detections for image_487.jpg: []
2025-02-04 15:18:52,791 - INFO - Detections for image_488.jpg: ['Class: bottle, Confidence: 0.67, Box: [514.5667114257812, 560.7063598632812, 389.7376403808594, 724.28662109375, 0.6680320501327515, 39.0]']
2025-02-04 15:18:53,079 - INFO - Detections for image_489.jpg: []
2025-02-04 15:18:53,409 - INFO - Detections for image_49.jpg: ['Class: bottle, Confidence: 0.46, Box: [273.808837890625, 411.7193908691406, 269.56256103515625, 736.7732543945312, 0.4594224691390991, 39.0]']
2025-02-04 15:18:53,693 - INFO - Detections for image_490.jpg: []
2025-02-04 15:18:53,978 - INFO - Detections for image_491.jpg: []
2025-02-04 15:18:54,244 - INFO - Detections for image_492.jpg: []
2025-02-04 15:18:54,582 - INFO - Detections for image_493.jpg: []
2025-02-04 15:18:54,862 - INFO - Detections for image_494.jpg: []
2025-02-04 15:18:55,138 - INFO - Detections for image_495.jpg: []
2025-02-04 15:18:55,418 - INFO - Detections for image_496.jpg: []
2025-02-04 15:18:55,711 - INFO - Detections for image_497.jpg: []
2025-02-04 15:18:56,081 - INFO - Detections for image_498.jpg: []
2025-02-04 15:18:56,334 - INFO - Detections for image_499.jpg: []
2025-02-04 15:18:56,595 - INFO - Detections for image_5.jpg: []
2025-02-04 15:18:56,895 - INFO - Detections for image_50.jpg: []
2025-02-04 15:18:57,231 - INFO - Detections for image_500.jpg: []
2025-02-04 15:18:57,532 - INFO - Detections for image_51.jpg: []
2025-02-04 15:18:57,754 - INFO - Detections for image_52.jpg: ['Class: bottle, Confidence: 0.80, Box: [131.4801025390625, 319.6410217285156, 200.58949279785156, 594.4998168945312, 0.7983671426773071, 39.0]', 'Class: bottle, Confidence: 0.77, Box: [350.7220153808594, 324.5124206542969, 198.88038635253906, 552.9588012695312, 0.7723120450973511, 39.0]']
2025-02-04 15:18:58,091 - INFO - Detections for image_53.jpg: []
2025-02-04 15:18:58,422 - INFO - Detections for image_54.jpg: []
2025-02-04 15:18:58,711 - INFO - Detections for image_55.jpg: []
2025-02-04 15:18:58,971 - INFO - Detections for image_56.jpg: []
2025-02-04 15:18:59,198 - INFO - Detections for image_57.jpg: ['Class: banana, Confidence: 0.31, Box: [918.332763671875, 514.0181274414062, 119.92706298828125, 64.969482421875, 0.31123262643814087, 46.0]', 'Class: stop sign, Confidence: 0.25, Box: [901.72705078125, 666.7444458007812, 186.67034912109375, 182.6893310546875, 0.253790020942688, 11.0]']
2025-02-04 15:18:59,556 - INFO - Detections for image_58.jpg: []
2025-02-04 15:18:59,862 - INFO - Detections for image_59.jpg: []
2025-02-04 15:19:00,131 - INFO - Detections for image_6.jpg: []
2025-02-04 15:19:00,449 - INFO - Detections for image_60.jpg: ['Class: bottle, Confidence: 0.65, Box: [990.3425903320312, 610.3912353515625, 432.8704833984375, 917.192626953125, 0.6539204716682434, 39.0]', 'Class: bottle, Confidence: 0.39, Box: [625.919921875, 745.5179443359375, 477.9843444824219, 1050.7109375, 0.3869197964668274, 39.0]', 'Class: bottle, Confidence: 0.31, Box: [267.3851318359375, 626.4693603515625, 391.016357421875, 940.6780395507812, 0.31345847249031067, 39.0]']
2025-02-04 15:19:00,690 - INFO - Detections for image_61.jpg: ['Class: bottle, Confidence: 0.57, Box: [255.31991577148438, 197.70208740234375, 39.211669921875, 130.73699951171875, 0.5729125738143921, 39.0]', 'Class: bottle, Confidence: 0.56, Box: [161.26499938964844, 184.33872985839844, 115.9664535522461, 197.64913940429688, 0.5647876262664795, 39.0]', 'Class: bottle, Confidence: 0.52, Box: [281.3061828613281, 200.34222412109375, 36.72967529296875, 113.70074462890625, 0.5162568688392639, 39.0]', 'Class: toilet, Confidence: 0.49, Box: [41.72751235961914, 202.8460693359375, 33.40699005126953, 108.09619140625, 0.49079248309135437, 61.0]', 'Class: bottle, Confidence: 0.47, Box: [228.51202392578125, 196.00271606445312, 41.919403076171875, 152.2586669921875, 0.4741649925708771, 39.0]', 'Class: bottle, Confidence: 0.39, Box: [294.9335021972656, 202.25738525390625, 27.477783203125, 103.80230712890625, 0.39421579241752625, 39.0]', 'Class: suitcase, Confidence: 0.31, Box: [90.52796173095703, 189.20748901367188, 34.276763916015625, 158.969482421875, 0.3067815601825714, 28.0]', 'Class: toilet, Confidence: 0.28, Box: [24.944965362548828, 204.12478637695312, 20.97135353088379, 96.13934326171875, 0.28479400277137756, 61.0]']
2025-02-04 15:19:00,956 - INFO - Detections for image_62.jpg: ['Class: book, Confidence: 0.35, Box: [223.994140625, 271.27923583984375, 153.0460968017578, 46.35484313964844, 0.3497384190559387, 73.0]']
2025-02-04 15:19:01,212 - INFO - Detections for image_63.jpg: ['Class: person, Confidence: 0.84, Box: [804.6370849609375, 752.4732055664062, 307.9732666015625, 375.3392333984375, 0.8443443775177002, 0.0]']
2025-02-04 15:19:01,468 - INFO - Detections for image_64.jpg: []
2025-02-04 15:19:01,695 - INFO - Detections for image_65.jpg: ['Class: vase, Confidence: 0.25, Box: [251.60496520996094, 267.5334167480469, 161.85751342773438, 449.3252868652344, 0.254205584526062, 75.0]']
2025-02-04 15:19:01,931 - INFO - Detections for image_66.jpg: ['Class: person, Confidence: 0.30, Box: [249.73587036132812, 73.25630187988281, 80.90232849121094, 66.24653625488281, 0.3031599223613739, 0.0]']
2025-02-04 15:19:02,166 - INFO - Detections for image_67.jpg: []
2025-02-04 15:19:02,426 - INFO - Detections for image_68.jpg: []
2025-02-04 15:19:02,705 - INFO - Detections for image_69.jpg: []
2025-02-04 15:19:02,963 - INFO - Detections for image_7.jpg: ['Class: cup, Confidence: 0.41, Box: [503.96392822265625, 918.5013427734375, 290.9926452636719, 312.505615234375, 0.4081890881061554, 41.0]']
2025-02-04 15:19:03,283 - INFO - Detections for image_70.jpg: []
2025-02-04 15:19:03,581 - INFO - Detections for image_71.jpg: []
2025-02-04 15:19:03,828 - INFO - Detections for image_72.jpg: ['Class: person, Confidence: 0.67, Box: [511.36102294921875, 225.3338165283203, 159.38961791992188, 264.3681945800781, 0.6676324009895325, 0.0]']
2025-02-04 15:19:04,125 - INFO - Detections for image_73.jpg: []
2025-02-04 15:19:04,411 - INFO - Detections for image_74.jpg: []
2025-02-04 15:19:04,709 - INFO - Detections for image_75.jpg: []
2025-02-04 15:19:04,981 - INFO - Detections for image_76.jpg: []
2025-02-04 15:19:05,288 - INFO - Detections for image_77.jpg: []
2025-02-04 15:19:05,545 - INFO - Detections for image_78.jpg: []
2025-02-04 15:19:05,811 - INFO - Detections for image_79.jpg: []
2025-02-04 15:19:06,042 - INFO - Detections for image_8.jpg: ['Class: cup, Confidence: 0.83, Box: [109.04034423828125, 276.4895935058594, 73.99222564697266, 59.49363708496094, 0.8332101106643677, 41.0]']
2025-02-04 15:19:06,331 - INFO - Detections for image_80.jpg: ['Class: bottle, Confidence: 0.67, Box: [514.5667114257812, 560.7063598632812, 389.7376403808594, 724.28662109375, 0.6680320501327515, 39.0]']
2025-02-04 15:19:06,565 - INFO - Detections for image_81.jpg: []
2025-02-04 15:19:06,859 - INFO - Detections for image_82.jpg: []
2025-02-04 15:19:07,097 - INFO - Detections for image_83.jpg: []
2025-02-04 15:19:07,372 - INFO - Detections for image_84.jpg: []
2025-02-04 15:19:07,684 - INFO - Detections for image_85.jpg: []
2025-02-04 15:19:07,967 - INFO - Detections for image_86.jpg: ['Class: person, Confidence: 0.67, Box: [511.36102294921875, 225.3338165283203, 159.38961791992188, 264.3681945800781, 0.6676324009895325, 0.0]']
2025-02-04 15:19:08,330 - INFO - Detections for image_87.jpg: []
2025-02-04 15:19:08,613 - INFO - Detections for image_88.jpg: []
2025-02-04 15:19:08,885 - INFO - Detections for image_89.jpg: []
2025-02-04 15:19:09,195 - INFO - Detections for image_9.jpg: []
2025-02-04 15:19:09,471 - INFO - Detections for image_90.jpg: ['Class: cup, Confidence: 0.83, Box: [109.04034423828125, 276.4895935058594, 73.99222564697266, 59.49363708496094, 0.8332101106643677, 41.0]']
2025-02-04 15:19:09,775 - INFO - Detections for image_91.jpg: []
2025-02-04 15:19:10,103 - INFO - Detections for image_92.jpg: []
2025-02-04 15:19:10,412 - INFO - Detections for image_93.jpg: ['Class: book, Confidence: 0.65, Box: [515.1659545898438, 968.1688232421875, 524.3839721679688, 103.5546875, 0.6486396193504333, 73.0]', 'Class: book, Confidence: 0.43, Box: [514.4391479492188, 834.0113525390625, 518.3707275390625, 176.30218505859375, 0.432669073343277, 73.0]', 'Class: person, Confidence: 0.31, Box: [678.435791015625, 705.3836059570312, 173.99530029296875, 458.5826416015625, 0.3087947964668274, 0.0]']
2025-02-04 15:19:10,876 - INFO - Detections for image_94.jpg: []
2025-02-04 15:19:11,147 - INFO - Detections for image_95.jpg: []
2025-02-04 15:19:11,410 - INFO - Detections for image_96.jpg: []
2025-02-04 15:19:11,719 - INFO - Detections for image_97.jpg: []
2025-02-04 15:19:12,007 - INFO - Detections for image_98.jpg: []
2025-02-04 15:19:12,296 - INFO - Detections for image_99.jpg: []
2025-02-04 15:19:12,296 - INFO - Detection process completed for all images.
